 =====================================================
  PSCAD LINE CONSTANTS PROGRAM OUTPUT FILE (*.out)

  NOTE: This file is auto-generated.  Any manual
        changes will be lost once the Line Constants
        Program is re-run.
 =====================================================

  Display Format: M,N denotes a complex number M + jN



 -----------------------------------------------------
  LOAD FLOW RXB FORMATTED DATA @       60.00 Hz:
 -----------------------------------------------------

  Base of Per-Unit Quantities : 230.00 kV (L-L)  ,100.00 MVA
  NOTE: Base values could be changed using Additional Options Component
      
   Positive Sequence (Long-Line Corrected)
   ................. 

   Resistance      Rsq   [pu]:       0.343927405E-02
   Reactance       Xsq   [pu]:       0.708762644E-01
   Susceptance     Bsq   [pu]:       0.232420971    
   Surge Impedance Zcsq  [pu]:       0.552220791    
      
   Zero Sequence (Long-Line Corrected)
   ............. 

   Resistance      Rsq   [pu]:       0.675685065E-01
   Reactance       Xsq   [pu]:       0.225784488    
   Susceptance     Bsq   [pu]:       0.153702506    
   Surge Impedance Zcsq  [pu]:        1.21201104    
      
   Positive Sequence 
   ................. 

   Resistance      Rsq   [pu]:       0.345871204E-02
   Reactance       Xsq   [pu]:       0.710709925E-01
   Susceptance     Bsq   [pu]:       0.232101462    
   Surge Impedance Zcsq  [pu]:       0.553359350    
      
   Zero Sequence 
   ............. 

   Resistance      Rsq   [pu]:       0.683633157E-01
   Reactance       Xsq   [pu]:       0.226976657    
   Susceptance     Bsq   [pu]:       0.153257768    
   Surge Impedance Zcsq  [pu]:        1.21696853    
      
 
 
 -----------------------------------------------------
  PHASE DOMAIN DATA @      60.000 Hz:
 -----------------------------------------------------

 SERIES IMPEDANCE MATRIX (Z) [ohms/m]: 
    0.132745038E-03,0.650879205E-03   0.114448451E-03,0.274913655E-03   0.114448451E-03,0.274913655E-03
    0.114448451E-03,0.274913655E-03   0.132745038E-03,0.650879205E-03   0.114448451E-03,0.274913655E-03
    0.114448451E-03,0.274913655E-03   0.114448451E-03,0.274913655E-03   0.132745038E-03,0.650879205E-03

 SHUNT ADMITTANCE MATRIX (Y) [mhos/m]: 
    0.100000000E-10,0.389074160E-08   0.000000000E+00,-.496809667E-09   0.000000000E+00,-.496809667E-09
    0.000000000E+00,-.496809667E-09   0.100000000E-10,0.389074160E-08   0.000000000E+00,-.496809667E-09
    0.000000000E+00,-.496809667E-09   0.000000000E+00,-.496809667E-09   0.100000000E-10,0.389074160E-08

 LONG-LINE CORRECTED SERIES IMPEDANCE MATRIX [ohms]: 
    0.131274973E+02,0.648090272E+02   0.113081213E+02,0.273154834E+02   0.113081213E+02,0.273154834E+02
    0.113081213E+02,0.273154834E+02   0.131274973E+02,0.648090272E+02   0.113081213E+02,0.273154834E+02
    0.113081213E+02,0.273154834E+02   0.113081213E+02,0.273154834E+02   0.131274973E+02,0.648090272E+02

 LONG-LINE CORRECTED SHUNT ADMITTANCE MATRIX [mhos]: 
    0.110831614E-05,0.389757056E-03   0.761114361E-07,-.496020573E-04   0.761114361E-07,-.496020573E-04
    0.761114361E-07,-.496020573E-04   0.110831614E-05,0.389757056E-03   0.761114361E-07,-.496020573E-04
    0.761114361E-07,-.496020573E-04   0.761114361E-07,-.496020573E-04   0.110831614E-05,0.389757056E-03

 -----------------------------------------------------
  MODAL DOMAIN DATA @      60.000 Hz:
 -----------------------------------------------------

 YZ EIGENVECTOR (MODAL TRANSFORMATION) MATRIX (TI): 
    0.816496581E+00,0.000000000E+00   0.577350269E+00,0.166533454E-15   -.124721203E+00,-.102519288E-01
    -.408248290E+00,-.555111512E-16   0.577350269E+00,0.555111512E-16   -.636372799E+00,0.102519288E-01
    -.408248290E+00,-.277555756E-16   0.577350269E+00,0.000000000E+00   0.761094001E+00,0.000000000E+00

 YZ EIGENVALUE VECTOR: 
    0.104304069E+01,-.531433619E-01   0.219751133E+01,-.670152389E+00   0.104304069E+01,-.531433619E-01

 MODAL IMPEDANCE MATRIX [ohms/m]: 
    0.182965867E-04,0.375965550E-03   0.000000000E+00,0.000000000E+00   0.192578856E-05,-.576590913E-04
    0.000000000E+00,0.203287907E-18   0.361641940E-03,0.120070651E-02   0.000000000E+00,0.108420217E-18
    0.192578856E-05,-.576590913E-04   0.000000000E+00,0.108420217E-18   0.222330859E-04,0.375615545E-03

 MODAL ADMITTANCE MATRIX [mhos/m]: 
    -.852420492E-11,0.449145935E-08   0.000000000E+00,0.000000000E+00   -.649164125E-10,0.685578007E-09
    0.000000000E+00,0.000000000E+00   0.100000000E-10,0.289712227E-08   0.000000000E+00,0.000000000E+00
    -.649164125E-10,0.685578007E-09   0.000000000E+00,0.000000000E+00   -.556804437E-10,0.449276401E-08

 MODAL CHARACTERISTIC IMPEDANCE VECTOR (Z0) [ohms]: 
    0.289321221E+03,0.000000000E+00   0.643776355E+03,0.000000000E+00   0.289144526E+03,0.000000000E+00

 MODAL TRAVEL TIME VECTOR [ms]: 
    0.344696318E+00                   0.494732826E+00                   0.344585869E+00

 MODAL VELOCITY VECTOR [m/s]: 
    0.290110439E+09                   0.202129301E+09                   0.290203427E+09

 -----------------------------------------------------
  SEQUENCE COMPONENT DATA @       60.00 Hz:
 -----------------------------------------------------

 SEQUENCE TRANSFORM MATRIX: 
    0.577350269E+00,0.000000000E+00   0.577350269E+00,0.000000000E+00   0.577350269E+00,0.000000000E+00
    0.577350269E+00,0.000000000E+00   -.288675135E+00,-.500000000E+00   -.288675135E+00,0.500000000E+00
    0.577350269E+00,0.000000000E+00   -.288675135E+00,0.500000000E+00   -.288675135E+00,-.500000000E+00

 SEQUENCE IMPEDANCE MATRIX (Zsq) [ohms/m]: 
    0.361641940E-03,0.120070651E-02   0.000000000E+00,0.000000000E+00   0.000000000E+00,0.000000000E+00
    0.000000000E+00,0.000000000E+00   0.182965867E-04,0.375965550E-03   0.000000000E+00,0.000000000E+00
    0.000000000E+00,0.000000000E+00   -.101643954E-18,0.000000000E+00   0.182965867E-04,0.375965550E-03

 SEQUENCE ADMITTANCE MATRIX (Ysq) [mhos/m]: 
    0.100000000E-10,0.289712227E-08   0.000000000E+00,0.000000000E+00   0.000000000E+00,0.000000000E+00
    0.000000000E+00,0.000000000E+00   0.100000000E-10,0.438755127E-08   0.000000000E+00,0.000000000E+00
    0.000000000E+00,0.000000000E+00   0.000000000E+00,0.000000000E+00   0.100000000E-10,0.438755127E-08

 -----------------------------------------------------
  MINIMUM TIME DELAY AND RECOMMENDED TIME STEP
 -----------------------------------------------------
   
   Minimum Time Delay for the Line    [ms]:     0.344585869
   Recommended Time Step for the Line [ms]:     0.034458587
   
